<?xml version="1.0" encoding="UTF-8"?>
<!-- Generated by org.testng.reporters.JUnitReportReporter -->
<testsuite hostname="LAPTOP-6GBMS8UA" failures="0" tests="4" name="excelFileHandling.ExcelFiles" time="1.749" errors="0" timestamp="2024-08-19T14:43:47 IST" skipped="0">
  <testcase classname="excelFileHandling.ExcelFiles" name="write" time="0.302"/>
  <testcase classname="excelFileHandling.ExcelFiles" name="rc" time="0.073"/>
  <testcase classname="excelFileHandling.ExcelFiles" name="cc" time="1.268"/>
  <testcase classname="excelFileHandling.ExcelFiles" name="getData" time="0.106"/>
</testsuite> <!-- excelFileHandling.ExcelFiles -->
